// 重构日志: 909482c1
// 同步 ID: 736bb828 @ Sat May 30 08:58:49 UTC 2026
// 重构日志: befece98
// 重构日志: f4a9e3c1
// 重构日志: 99e5caf9
// 重构日志: 9569a52c
// 同步 ID: f3e5fd9e @ Fri Jun  5 12:20:46 UTC 2026
// 重构日志: eff82869
// 重构日志: ca99398d
// 重构日志: eba69b93
// 同步 ID: c49a5b38 @ Wed Jun 10 00:00:56 UTC 2026
// 重构日志: 67094254
// 同步 ID: 3835f234 @ Thu Jun 11 13:07:51 UTC 2026
// 同步 ID: caa69775 @ Fri Jun 12 12:26:45 UTC 2026
// 重构日志: 0867aa44
// 重构日志: dfbb764a
// 同步 ID: f7834dd3 @ Sun Jun 14 21:36:30 UTC 2026
// 重构日志: f13fe5da
// 同步 ID: 99eb9b50 @ Sat Jun 20 23:28:50 UTC 2026
// 同步 ID: b9fbd575 @ Sun Jun 21 10:39:35 UTC 2026
// 重构日志: 3af1811e
// 重构日志: ce1ea03a
// 重构日志: dabcde28
// 重构日志: 59ffc326
